[debug] [2021-03-14T09:02:49.750Z] ----------------------------------------------------------------------
[debug] [2021-03-14T09:02:49.751Z] Command:       C:\Program Files\nodejs\node.exe C:\Users\Jomar Manalo\AppData\Roaming\npm\node_modules\firebase-tools\lib\bin\firebase.js init
[debug] [2021-03-14T09:02:49.752Z] CLI Version:   9.6.1
[debug] [2021-03-14T09:02:49.752Z] Platform:      win32
[debug] [2021-03-14T09:02:49.752Z] Node Version:  v12.14.0
[debug] [2021-03-14T09:02:49.752Z] Time:          Sun Mar 14 2021 17:02:49 GMT+0800 (Philippine Standard Time)
[debug] [2021-03-14T09:02:49.753Z] ----------------------------------------------------------------------
[debug] [2021-03-14T09:02:49.753Z] 
[debug] [2021-03-14T09:02:49.757Z] > command requires scopes: ["email","openid","https://www.googleapis.com/auth/cloudplatformprojects.readonly","https://www.googleapis.com/auth/firebase","https://www.googleapis.com/auth/cloud-platform"]
[debug] [2021-03-14T09:02:49.758Z] > authorizing via signed-in user
[info] 
     ######## #### ########  ######## ########     ###     ######  ########
     ##        ##  ##     ## ##       ##     ##  ##   ##  ##       ##
     ######    ##  ########  ######   ########  #########  ######  ######
     ##        ##  ##    ##  ##       ##     ## ##     ##       ## ##
     ##       #### ##     ## ######## ########  ##     ##  ######  ########

You're about to initialize a Firebase project in this directory:

  C:\Project Files\laravel\one

Before we get started, keep in mind:

  * You are currently outside your home directory

